#
# There is insufficient memory for the Java Runtime Environment to continue.
# Native memory allocation (malloc) failed to allocate 32744 bytes. Error detail: Chunk::new
# Possible reasons:
#   The system is out of physical RAM or swap space
#   This process is running with CompressedOops enabled, and the Java Heap may be blocking the growth of the native heap
# Possible solutions:
#   Reduce memory load on the system
#   Increase physical memory or swap space
#   Check if swap backing store is full
#   Decrease Java heap size (-Xmx/-Xms)
#   Decrease number of Java threads
#   Decrease Java thread stack sizes (-Xss)
#   Set larger code cache with -XX:ReservedCodeCacheSize=
#   JVM is running with Zero Based Compressed Oops mode in which the Java heap is
#     placed in the first 32GB address space. The Java Heap base address is the
#     maximum limit for the native heap growth. Please use -XX:HeapBaseMinAddress
#     to set the Java Heap base and to place the Java Heap above 32GB virtual address.
# This output file may be truncated or incomplete.
#
#  Out of Memory Error (arena.cpp:150), pid=14948, tid=3528
#
# JRE version: Java(TM) SE Runtime Environment (22.0.2+9) (build 22.0.2+9-70)
# Java VM: Java HotSpot(TM) 64-Bit Server VM (22.0.2+9-70, mixed mode, sharing, tiered, compressed oops, compressed class ptrs, g1 gc, windows-amd64)
# No core dump will be written. Minidumps are not enabled by default on client versions of Windows
#

---------------  S U M M A R Y ------------

Command Line: -XX:MaxMetaspaceSize=4G -XX:ReservedCodeCacheSize=512m -XX:+HeapDumpOnOutOfMemoryError --add-opens=java.base/java.util=ALL-UNNAMED --add-opens=java.base/java.lang=ALL-UNNAMED --add-opens=java.base/java.lang.invoke=ALL-UNNAMED --add-opens=java.prefs/java.util.prefs=ALL-UNNAMED --add-exports=jdk.compiler/com.sun.tools.javac.api=ALL-UNNAMED --add-exports=jdk.compiler/com.sun.tools.javac.util=ALL-UNNAMED --add-opens=java.base/java.nio.charset=ALL-UNNAMED --add-opens=java.base/java.net=ALL-UNNAMED --add-opens=java.base/java.util.concurrent.atomic=ALL-UNNAMED -Xmx8G -Dfile.encoding=utf8 -Duser.country=IN -Duser.language=en -Duser.variant -javaagent:C:\Users\user\.gradle\wrapper\dists\gradle-8.10.2-all\7iv73wktx1xtkvlq19urqw1wm\gradle-8.10.2\lib\agents\gradle-instrumentation-agent-8.10.2.jar org.gradle.launcher.daemon.bootstrap.GradleDaemon 8.10.2

Host: 11th Gen Intel(R) Core(TM) i5-1155G7 @ 2.50GHz, 8 cores, 3G,  Windows 11 , 64 bit Build 26100 (10.0.26100.3912)
Time: Sat May 10 17:56:44 2025 India Standard Time elapsed time: 185.686673 seconds (0d 0h 3m 5s)

---------------  T H R E A D  ---------------

Current thread (0x000001e5613edc30):  JavaThread "C2 CompilerThread0" daemon [_thread_in_native, id=3528, stack(0x000000ad71a00000,0x000000ad71b00000) (1024K)]


Current CompileTask:
C2:185687 5046       4       groovy.lang.MetaClassImpl$1MOPIter::methodNameAction (325 bytes)

Stack: [0x000000ad71a00000,0x000000ad71b00000]
Native frames: (J=compiled Java code, j=interpreted, Vv=VM code, C=native code)
V  [jvm.dll+0x6e26e9]  (no source info available)
V  [jvm.dll+0x875753]  (no source info available)
V  [jvm.dll+0x877b7e]  (no source info available)
V  [jvm.dll+0x878253]  (no source info available)
V  [jvm.dll+0x27fc86]  (no source info available)
V  [jvm.dll+0xc3d0f]  (no source info available)
V  [jvm.dll+0xc3f6b]  (no source info available)
V  [jvm.dll+0x6c0240]  (no source info available)
V  [jvm.dll+0xbba78]  (no source info available)
V  [jvm.dll+0x3a15c3]  (no source info available)
V  [jvm.dll+0x39f572]  (no source info available)
V  [jvm.dll+0x77c544]  (no source info available)
V  [jvm.dll+0x77658c]  (no source info available)
V  [jvm.dll+0x250075]  (no source info available)
V  [jvm.dll+0x246bc7]  (no source info available)
V  [jvm.dll+0x1c4e80]  (no source info available)
V  [jvm.dll+0x2568f3]  (no source info available)
V  [jvm.dll+0x254baa]  (no source info available)
V  [jvm.dll+0x3f57a6]  (no source info available)
V  [jvm.dll+0x81dc0b]  (no source info available)
V  [jvm.dll+0x6e0d85]  (no source info available)
C  [ucrtbase.dll+0x37b0]  (no source info available)
C  [KERNEL32.DLL+0x2e8d7]  (no source info available)
C  [ntdll.dll+0x9c5dc]  (no source info available)


---------------  P R O C E S S  ---------------

Threads class SMR info:
_java_thread_list=0x000001e5abcb9d40, length=40, elements={
0x000001e52c6b9000, 0x000001e5613d66b0, 0x000001e5613d7e30, 0x000001e5613dd3a0,
0x000001e5613dfe10, 0x000001e5613e5d90, 0x000001e5613e4c80, 0x000001e5613edc30,
0x000001e5613ef250, 0x000001e5a90724f0, 0x000001e5a91e5a00, 0x000001e5a944c0d0,
0x000001e5a905c4d0, 0x000001e5a9f59020, 0x000001e5a9529380, 0x000001e5a9dae070,
0x000001e5aa0534c0, 0x000001e5aaad8a80, 0x000001e5aaad7d60, 0x000001e5aaad97a0,
0x000001e5aaad9e30, 0x000001e5aaad76d0, 0x000001e5aaada4c0, 0x000001e5aaadab50,
0x000001e5aaad9110, 0x000001e5acb6df80, 0x000001e5acb6e610, 0x000001e5acb6c540,
0x000001e5acb6f330, 0x000001e5acb6cbd0, 0x000001e5acb6beb0, 0x000001e5acb6eca0,
0x000001e5acb6d8f0, 0x000001e5abd542e0, 0x000001e5abd54970, 0x000001e5abd53c50,
0x000001e5abd55000, 0x000001e5abd563b0, 0x000001e5abd52f30, 0x000001e5abd56a40
}

Java Threads: ( => current thread )
  0x000001e52c6b9000 JavaThread "main"                              [_thread_blocked, id=9356, stack(0x000000ad70c00000,0x000000ad70d00000) (1024K)]
  0x000001e5613d66b0 JavaThread "Reference Handler"          daemon [_thread_blocked, id=6964, stack(0x000000ad71400000,0x000000ad71500000) (1024K)]
  0x000001e5613d7e30 JavaThread "Finalizer"                  daemon [_thread_blocked, id=17212, stack(0x000000ad71500000,0x000000ad71600000) (1024K)]
  0x000001e5613dd3a0 JavaThread "Signal Dispatcher"          daemon [_thread_blocked, id=9124, stack(0x000000ad71600000,0x000000ad71700000) (1024K)]
  0x000001e5613dfe10 JavaThread "Attach Listener"            daemon [_thread_blocked, id=19120, stack(0x000000ad71700000,0x000000ad71800000) (1024K)]
  0x000001e5613e5d90 JavaThread "Service Thread"             daemon [_thread_blocked, id=20088, stack(0x000000ad71800000,0x000000ad71900000) (1024K)]
  0x000001e5613e4c80 JavaThread "Monitor Deflation Thread"   daemon [_thread_blocked, id=14688, stack(0x000000ad71900000,0x000000ad71a00000) (1024K)]
=>0x000001e5613edc30 JavaThread "C2 CompilerThread0"         daemon [_thread_in_native, id=3528, stack(0x000000ad71a00000,0x000000ad71b00000) (1024K)]
  0x000001e5613ef250 JavaThread "C1 CompilerThread0"         daemon [_thread_blocked, id=10064, stack(0x000000ad71b00000,0x000000ad71c00000) (1024K)]
  0x000001e5a90724f0 JavaThread "Common-Cleaner"             daemon [_thread_blocked, id=13928, stack(0x000000ad71c00000,0x000000ad71d00000) (1024K)]
  0x000001e5a91e5a00 JavaThread "Notification Thread"        daemon [_thread_blocked, id=9292, stack(0x000000ad71d00000,0x000000ad71e00000) (1024K)]
  0x000001e5a944c0d0 JavaThread "Daemon health stats"               [_thread_blocked, id=18248, stack(0x000000ad72300000,0x000000ad72400000) (1024K)]
  0x000001e5a905c4d0 JavaThread "Incoming local TCP Connector on port 51126"        [_thread_in_native, id=18132, stack(0x000000ad72400000,0x000000ad72500000) (1024K)]
  0x000001e5a9f59020 JavaThread "Daemon periodic checks"            [_thread_blocked, id=3592, stack(0x000000ad72500000,0x000000ad72600000) (1024K)]
  0x000001e5a9529380 JavaThread "Daemon"                            [_thread_blocked, id=18956, stack(0x000000ad72600000,0x000000ad72700000) (1024K)]
  0x000001e5a9dae070 JavaThread "Handler for socket connection from /127.0.0.1:51126 to /127.0.0.1:51127"        [_thread_in_native, id=14312, stack(0x000000ad72700000,0x000000ad72800000) (1024K)]
  0x000001e5aa0534c0 JavaThread "Cancel handler"                    [_thread_blocked, id=17172, stack(0x000000ad72800000,0x000000ad72900000) (1024K)]
  0x000001e5aaad8a80 JavaThread "Daemon worker"                     [_thread_in_vm, id=10360, stack(0x000000ad72900000,0x000000ad72a00000) (1024K)]
  0x000001e5aaad7d60 JavaThread "Asynchronous log dispatcher for DefaultDaemonConnection: socket connection from /127.0.0.1:51126 to /127.0.0.1:51127"        [_thread_blocked, id=11436, stack(0x000000ad72a00000,0x000000ad72b00000) (1024K)]
  0x000001e5aaad97a0 JavaThread "Stdin handler"                     [_thread_blocked, id=18720, stack(0x000000ad72b00000,0x000000ad72c00000) (1024K)]
  0x000001e5aaad9e30 JavaThread "Daemon client event forwarder"        [_thread_blocked, id=2492, stack(0x000000ad72c00000,0x000000ad72d00000) (1024K)]
  0x000001e5aaad76d0 JavaThread "Cache worker for journal cache (C:\Users\user\.gradle\caches\journal-1)"        [_thread_blocked, id=15932, stack(0x000000ad72f00000,0x000000ad73000000) (1024K)]
  0x000001e5aaada4c0 JavaThread "File lock request listener"        [_thread_in_native, id=18572, stack(0x000000ad73000000,0x000000ad73100000) (1024K)]
  0x000001e5aaadab50 JavaThread "Cache worker for file hash cache (C:\Users\user\.gradle\caches\8.10.2\fileHashes)"        [_thread_blocked, id=14052, stack(0x000000ad73100000,0x000000ad73200000) (1024K)]
  0x000001e5aaad9110 JavaThread "Cache worker for file hash cache (C:\Users\user\Desktop\NewsApp\frontend\android\.gradle\8.10.2\fileHashes)"        [_thread_blocked, id=15860, stack(0x000000ad70a00000,0x000000ad70b00000) (1024K)]
  0x000001e5acb6df80 JavaThread "Cache worker for Build Output Cleanup Cache (C:\Users\user\Desktop\NewsApp\frontend\android\.gradle\buildOutputCleanup)"        [_thread_blocked, id=2108, stack(0x000000ad70b00000,0x000000ad70c00000) (1024K)]
  0x000001e5acb6e610 JavaThread "File watcher server"        daemon [_thread_in_native, id=11500, stack(0x000000ad73200000,0x000000ad73300000) (1024K)]
  0x000001e5acb6c540 JavaThread "File watcher consumer"      daemon [_thread_blocked, id=18032, stack(0x000000ad73300000,0x000000ad73400000) (1024K)]
  0x000001e5acb6f330 JavaThread "jar transforms"                    [_thread_blocked, id=15660, stack(0x000000ad73400000,0x000000ad73500000) (1024K)]
  0x000001e5acb6cbd0 JavaThread "jar transforms Thread 2"           [_thread_blocked, id=1896, stack(0x000000ad73500000,0x000000ad73600000) (1024K)]
  0x000001e5acb6beb0 JavaThread "jar transforms Thread 3"           [_thread_blocked, id=20000, stack(0x000000ad73600000,0x000000ad73700000) (1024K)]
  0x000001e5acb6eca0 JavaThread "Cache worker for checksums cache (C:\Users\user\Desktop\NewsApp\frontend\android\.gradle\8.10.2\checksums)"        [_thread_blocked, id=6340, stack(0x000000ad73700000,0x000000ad73800000) (1024K)]
  0x000001e5acb6d8f0 JavaThread "Cache worker for file content cache (C:\Users\user\.gradle\caches\8.10.2\fileContent)"        [_thread_blocked, id=1324, stack(0x000000ad73800000,0x000000ad73900000) (1024K)]
  0x000001e5abd542e0 JavaThread "Cache worker for cache directory md-rule (C:\Users\user\.gradle\caches\8.10.2\md-rule)"        [_thread_blocked, id=11068, stack(0x000000ad73900000,0x000000ad73a00000) (1024K)]
  0x000001e5abd54970 JavaThread "Cache worker for cache directory md-supplier (C:\Users\user\.gradle\caches\8.10.2\md-supplier)"        [_thread_blocked, id=18864, stack(0x000000ad73a00000,0x000000ad73b00000) (1024K)]
  0x000001e5abd53c50 JavaThread "jar transforms Thread 4"           [_thread_blocked, id=20236, stack(0x000000ad73b00000,0x000000ad73c00000) (1024K)]
  0x000001e5abd55000 JavaThread "jar transforms Thread 5"           [_thread_blocked, id=18320, stack(0x000000ad73c00000,0x000000ad73d00000) (1024K)]
  0x000001e5abd563b0 JavaThread "jar transforms Thread 6"           [_thread_blocked, id=17316, stack(0x000000ad73d00000,0x000000ad73e00000) (1024K)]
  0x000001e5abd52f30 JavaThread "jar transforms Thread 7"           [_thread_blocked, id=17696, stack(0x000000ad73e00000,0x000000ad73f00000) (1024K)]
  0x000001e5abd56a40 JavaThread "jar transforms Thread 8"           [_thread_blocked, id=11336, stack(0x000000ad73f00000,0x000000ad74000000) (1024K)]
Total: 40

Other Threads:
  0x000001e5613b6650 VMThread "VM Thread"                           [id=3380, stack(0x000000ad71300000,0x000000ad71400000) (1024K)]
  0x000001e5613a0df0 WatcherThread "VM Periodic Task Thread"        [id=2128, stack(0x000000ad71200000,0x000000ad71300000) (1024K)]
  0x000001e52e217370 WorkerThread "GC Thread#0"                     [id=11916, stack(0x000000ad70d00000,0x000000ad70e00000) (1024K)]
  0x000001e5a96e0b10 WorkerThread "GC Thread#1"                     [id=1772, stack(0x000000ad71e00000,0x000000ad71f00000) (1024K)]
  0x000001e5a957eea0 WorkerThread "GC Thread#2"                     [id=16344, stack(0x000000ad71f00000,0x000000ad72000000) (1024K)]
  0x000001e5a9437cf0 WorkerThread "GC Thread#3"                     [id=18732, stack(0x000000ad72000000,0x000000ad72100000) (1024K)]
  0x000001e5a9df3e50 WorkerThread "GC Thread#4"                     [id=12248, stack(0x000000ad72100000,0x000000ad72200000) (1024K)]
  0x000001e5aa849c30 WorkerThread "GC Thread#5"                     [id=2496, stack(0x000000ad72200000,0x000000ad72300000) (1024K)]
  0x000001e5a9290c40 WorkerThread "GC Thread#6"                     [id=18748, stack(0x000000ad72d00000,0x000000ad72e00000) (1024K)]
  0x000001e5a927f820 WorkerThread "GC Thread#7"                     [id=15540, stack(0x000000ad72e00000,0x000000ad72f00000) (1024K)]
  0x000001e52e22a940 ConcurrentGCThread "G1 Main Marker"            [id=10020, stack(0x000000ad70e00000,0x000000ad70f00000) (1024K)]
  0x000001e52e22b360 WorkerThread "G1 Conc#0"                       [id=13016, stack(0x000000ad70f00000,0x000000ad71000000) (1024K)]
  0x000001e5ab9d4a70 WorkerThread "G1 Conc#1"                       [id=15964, stack(0x000000ad70900000,0x000000ad70a00000) (1024K)]
  0x000001e561270d90 ConcurrentGCThread "G1 Refine#0"               [id=15072, stack(0x000000ad71000000,0x000000ad71100000) (1024K)]
  0x000001e561271820 ConcurrentGCThread "G1 Service"                [id=18292, stack(0x000000ad71100000,0x000000ad71200000) (1024K)]
Total: 15

Threads with active compile tasks:
C2 CompilerThread0  186331 5046       4       groovy.lang.MetaClassImpl$1MOPIter::methodNameAction (325 bytes)
Total: 1

VM state: not at safepoint (normal execution)

VM Mutex/Monitor currently owned by a thread: None

Heap address: 0x0000000600000000, size: 8192 MB, Compressed Oops mode: Zero based, Oop shift amount: 3

CDS archive(s) mapped at: [0x000001e564000000-0x000001e564c60000-0x000001e564c60000), size 12976128, SharedBaseAddress: 0x000001e564000000, ArchiveRelocationMode: 1.
Compressed class space mapped at: 0x000001e565000000-0x000001e5a5000000, reserved size: 1073741824
Narrow klass base: 0x000001e564000000, Narrow klass shift: 0, Narrow klass range: 0x41000000

GC Precious Log:
 CardTable entry size: 512
 Card Set container configuration: InlinePtr #cards 4 size 8 Array Of Cards #cards 32 size 80 Howl #buckets 8 coarsen threshold 7372 Howl Bitmap #cards 1024 size 144 coarsen threshold 921 Card regions per heap region 1 cards per card region 8192
 CPUs: 8 total, 8 available
 Memory: 3738M
 Large Page Support: Disabled
 NUMA Support: Disabled
 Compressed Oops: Enabled (Zero based)
 Heap Region Size: 4M
 Heap Min Capacity: 8M
 Heap Initial Capacity: 60M
 Heap Max Capacity: 8G
 Pre-touch: Disabled
 Parallel Workers: 8
 Concurrent Workers: 2
 Concurrent Refinement Workers: 8
 Periodic GC: Disabled

Heap:
 garbage-first heap   total reserved 8388608K, committed 73728K, used 37496K [0x0000000600000000, 0x0000000800000000)
  region size 4096K, 2 young (8192K), 1 survivors (4096K)
 Metaspace       used 39288K, committed 40640K, reserved 1114112K
  class space    used 5635K, committed 6272K, reserved 1048576K

Heap Regions: E=young(eden), S=young(survivor), O=old, HS=humongous(starts), HC=humongous(continues), CS=collection set, F=free, TAMS=top-at-mark-start, PB=parsable bottom
|   0|0x0000000600000000, 0x0000000600400000, 0x0000000600400000|100%|HS|  |TAMS 0x0000000600000000| PB 0x0000000600000000| Complete |  0
|   1|0x0000000600400000, 0x0000000600800000, 0x0000000600800000|100%| O|  |TAMS 0x0000000600400000| PB 0x0000000600400000| Untracked |  0
|   2|0x0000000600800000, 0x0000000600c00000, 0x0000000600c00000|100%| O|  |TAMS 0x0000000600800000| PB 0x0000000600800000| Untracked |  0
|   3|0x0000000600c00000, 0x0000000601000000, 0x0000000601000000|100%| O|  |TAMS 0x0000000600c00000| PB 0x0000000600c00000| Untracked |  0
|   4|0x0000000601000000, 0x0000000601400000, 0x0000000601400000|100%| O|  |TAMS 0x0000000601000000| PB 0x0000000601000000| Untracked |  0
|   5|0x0000000601400000, 0x0000000601649a48, 0x0000000601800000| 57%| O|  |TAMS 0x0000000601400000| PB 0x0000000601400000| Untracked |  0
|   6|0x0000000601800000, 0x0000000601c00000, 0x0000000601c00000|100%| O|  |TAMS 0x0000000601800000| PB 0x0000000601800000| Untracked |  0
|   7|0x0000000601c00000, 0x0000000602000000, 0x0000000602000000|100%| O|  |TAMS 0x0000000601c00000| PB 0x0000000601c00000| Untracked |  0
|   8|0x0000000602000000, 0x0000000602400000, 0x0000000602400000|100%| O|  |TAMS 0x0000000602000000| PB 0x0000000602000000| Untracked |  0
|   9|0x0000000602400000, 0x0000000602400000, 0x0000000602800000|  0%| F|  |TAMS 0x0000000602400000| PB 0x0000000602400000| Untracked |  0
|  10|0x0000000602800000, 0x0000000602800000, 0x0000000602c00000|  0%| F|  |TAMS 0x0000000602800000| PB 0x0000000602800000| Untracked |  0
|  11|0x0000000602c00000, 0x0000000602c00000, 0x0000000603000000|  0%| F|  |TAMS 0x0000000602c00000| PB 0x0000000602c00000| Untracked |  0
|  12|0x0000000603000000, 0x00000006032547f0, 0x0000000603400000| 58%| S|CS|TAMS 0x0000000603000000| PB 0x0000000603000000| Complete |  0
|  13|0x0000000603400000, 0x0000000603400000, 0x0000000603800000|  0%| F|  |TAMS 0x0000000603400000| PB 0x0000000603400000| Untracked |  0
|  14|0x0000000603800000, 0x0000000603800000, 0x0000000603c00000|  0%| F|  |TAMS 0x0000000603800000| PB 0x0000000603800000| Untracked |  0
|  15|0x0000000603c00000, 0x0000000603c00000, 0x0000000604000000|  0%| F|  |TAMS 0x0000000603c00000| PB 0x0000000603c00000| Untracked |  0
|  16|0x0000000604000000, 0x0000000604000000, 0x0000000604400000|  0%| F|  |TAMS 0x0000000604000000| PB 0x0000000604000000| Untracked |  0
|  17|0x0000000604400000, 0x00000006044c9ce8, 0x0000000604800000| 19%| E|  |TAMS 0x0000000604400000| PB 0x0000000604400000| Complete |  0

Card table byte_map: [0x000001e558240000,0x000001e559240000] _byte_map_base: 0x000001e555240000

Marking Bits: (CMBitMap*) 0x000001e52e217990
 Bits: [0x000001e559240000, 0x000001e561240000)

Polling page: 0x000001e52c970000

Metaspace:

Usage:
  Non-class:     32.87 MB used.
      Class:      5.50 MB used.
       Both:     38.37 MB used.

Virtual space:
  Non-class space:       64.00 MB reserved,      33.56 MB ( 52%) committed,  1 nodes.
      Class space:        1.00 GB reserved,       6.12 MB ( <1%) committed,  1 nodes.
             Both:        1.06 GB reserved,      39.69 MB (  4%) committed. 

Chunk freelists:
   Non-Class:  14.28 MB
       Class:  9.85 MB
        Both:  24.13 MB

MaxMetaspaceSize: 4.00 GB
CompressedClassSpaceSize: 1.00 GB
Initial GC threshold: 21.00 MB
Current GC threshold: 59.81 MB
CDS: on
 - commit_granule_bytes: 65536.
 - commit_granule_words: 8192.
 - virtual_space_node_default_size: 8388608.
 - enlarge_chunks_in_place: 1.
 - use_allocation_guard: 0.


Internal statistics:

num_allocs_failed_limit: 9.
num_arena_births: 2198.
num_arena_deaths: 0.
num_vsnodes_births: 2.
num_vsnodes_deaths: 0.
num_space_committed: 635.
num_space_uncommitted: 0.
num_chunks_returned_to_freelist: 9.
num_chunks_taken_from_freelist: 3783.
num_chunk_merges: 3.
num_chunk_splits: 2488.
num_chunks_enlarged: 1603.
num_inconsistent_stats: 0.

CodeHeap 'non-profiled nmethods': size=259264Kb used=2840Kb max_used=2861Kb free=256423Kb
 bounds [0x000001e546870000, 0x000001e546b50000, 0x000001e5565a0000]
CodeHeap 'profiled nmethods': size=259264Kb used=8622Kb max_used=8683Kb free=250641Kb
 bounds [0x000001e5365a0000, 0x000001e536e30000, 0x000001e5462d0000]
CodeHeap 'non-nmethods': size=5760Kb used=2947Kb max_used=2967Kb free=2812Kb
 bounds [0x000001e5462d0000, 0x000001e5465c0000, 0x000001e546870000]
 total_blobs=5331 nmethods=4489 adapters=746
 compilation: enabled
              stopped_count=0, restarted_count=0
 full_count=0

Compilation events (20 events):
Event: 183.515 Thread 0x000001e5613ef250 nmethod 5041 0x000001e53668db10 code [0x000001e53668dd40, 0x000001e53668e500]
Event: 183.515 Thread 0x000001e5613ef250 5042       3       org.gradle.internal.instantiation.generator.AbstractClassGenerator::isPropertyType (33 bytes)
Event: 183.515 Thread 0x000001e5613ef250 nmethod 5042 0x000001e53668d610 code [0x000001e53668d7e0, 0x000001e53668da28]
Event: 183.515 Thread 0x000001e5613ef250 5043       3       org.gradle.internal.instantiation.generator.AbstractClassGenerator$MethodMetadata::shouldImplement (16 bytes)
Event: 183.515 Thread 0x000001e5613ef250 nmethod 5043 0x000001e53668d110 code [0x000001e53668d2c0, 0x000001e53668d4f8]
Event: 183.530 Thread 0x000001e5613edc30 nmethod 5040 0x000001e5468f5c90 code [0x000001e5468f5ec0, 0x000001e5468f67a0]
Event: 183.543 Thread 0x000001e5613ef250 5044       3       org.codehaus.groovy.reflection.CachedClass::isAssignableFrom (21 bytes)
Event: 183.544 Thread 0x000001e5613ef250 nmethod 5044 0x000001e53668cc10 code [0x000001e53668cdc0, 0x000001e53668d038]
Event: 183.544 Thread 0x000001e5613edc30 5045       4       org.codehaus.groovy.runtime.metaclass.MetaMethodIndex::getOrPutMethods (184 bytes)
Event: 183.561 Thread 0x000001e5613edc30 nmethod 5045 0x000001e5468f4b10 code [0x000001e5468f4d00, 0x000001e5468f58a0]
Event: 183.561 Thread 0x000001e5613edc30 5046       4       groovy.lang.MetaClassImpl$1MOPIter::methodNameAction (325 bytes)
Event: 183.563 Thread 0x000001e5613ef250 5047       3       org.codehaus.groovy.reflection.CachedField::getModifiers (8 bytes)
Event: 183.563 Thread 0x000001e5613ef250 nmethod 5047 0x000001e53668c890 code [0x000001e53668ca20, 0x000001e53668cb50]
Event: 183.564 Thread 0x000001e5613ef250 5048       3       java.util.LinkedList::listIterator (15 bytes)
Event: 183.565 Thread 0x000001e5613ef250 nmethod 5048 0x000001e53668c090 code [0x000001e53668c280, 0x000001e53668c6e8]
Event: 183.565 Thread 0x000001e5613ef250 5049       3       java.util.LinkedList$ListItr::<init> (47 bytes)
Event: 183.566 Thread 0x000001e5613ef250 nmethod 5049 0x000001e53668ba90 code [0x000001e53668bc40, 0x000001e53668bf40]
Event: 183.577 Thread 0x000001e5613ef250 5050       3       java.lang.ClassValue$ClassValueMap::checkCacheLoad (16 bytes)
Event: 183.578 Thread 0x000001e5613ef250 nmethod 5050 0x000001e53668b690 code [0x000001e53668b840, 0x000001e53668b9b0]
Event: 183.578 Thread 0x000001e5613ef250 5051       3       java.lang.ClassValue$ClassValueMap::addToCache (92 bytes)

GC Heap History (20 events):
Event: 86.537 GC heap before
{Heap before GC invocations=5 (full 0):
 garbage-first heap   total reserved 8388608K, committed 61440K, used 45699K [0x0000000600000000, 0x0000000800000000)
  region size 4096K, 7 young (28672K), 1 survivors (4096K)
 Metaspace       used 16159K, committed 16768K, reserved 1114112K
  class space    used 2229K, committed 2496K, reserved 1048576K
}
Event: 86.638 GC heap after
{Heap after GC invocations=6 (full 0):
 garbage-first heap   total reserved 8388608K, committed 61440K, used 22629K [0x0000000600000000, 0x0000000800000000)
  region size 4096K, 1 young (4096K), 1 survivors (4096K)
 Metaspace       used 16159K, committed 16768K, reserved 1114112K
  class space    used 2229K, committed 2496K, reserved 1048576K
}
Event: 95.812 GC heap before
{Heap before GC invocations=6 (full 0):
 garbage-first heap   total reserved 8388608K, committed 61440K, used 39013K [0x0000000600000000, 0x0000000800000000)
  region size 4096K, 6 young (24576K), 1 survivors (4096K)
 Metaspace       used 18851K, committed 19456K, reserved 1114112K
  class space    used 2713K, committed 3008K, reserved 1048576K
}
Event: 95.835 GC heap after
{Heap after GC invocations=7 (full 0):
 garbage-first heap   total reserved 8388608K, committed 61440K, used 23932K [0x0000000600000000, 0x0000000800000000)
  region size 4096K, 1 young (4096K), 1 survivors (4096K)
 Metaspace       used 18851K, committed 19456K, reserved 1114112K
  class space    used 2713K, committed 3008K, reserved 1048576K
}
Event: 102.536 GC heap before
{Heap before GC invocations=7 (full 0):
 garbage-first heap   total reserved 8388608K, committed 61440K, used 36220K [0x0000000600000000, 0x0000000800000000)
  region size 4096K, 5 young (20480K), 1 survivors (4096K)
 Metaspace       used 20888K, committed 21504K, reserved 1114112K
  class space    used 3051K, committed 3328K, reserved 1048576K
}
Event: 102.555 GC heap after
{Heap after GC invocations=8 (full 0):
 garbage-first heap   total reserved 8388608K, committed 61440K, used 25142K [0x0000000600000000, 0x0000000800000000)
  region size 4096K, 1 young (4096K), 1 survivors (4096K)
 Metaspace       used 20888K, committed 21504K, reserved 1114112K
  class space    used 3051K, committed 3328K, reserved 1048576K
}
Event: 107.984 GC heap before
{Heap before GC invocations=9 (full 0):
 garbage-first heap   total reserved 8388608K, committed 61440K, used 45622K [0x0000000600000000, 0x0000000800000000)
  region size 4096K, 7 young (28672K), 1 survivors (4096K)
 Metaspace       used 23994K, committed 24896K, reserved 1114112K
  class space    used 3630K, committed 4032K, reserved 1048576K
}
Event: 108.139 GC heap after
{Heap after GC invocations=10 (full 0):
 garbage-first heap   total reserved 8388608K, committed 61440K, used 27465K [0x0000000600000000, 0x0000000800000000)
  region size 4096K, 1 young (4096K), 1 survivors (4096K)
 Metaspace       used 23994K, committed 24896K, reserved 1114112K
  class space    used 3630K, committed 4032K, reserved 1048576K
}
Event: 121.880 GC heap before
{Heap before GC invocations=10 (full 0):
 garbage-first heap   total reserved 8388608K, committed 61440K, used 47945K [0x0000000600000000, 0x0000000800000000)
  region size 4096K, 7 young (28672K), 1 survivors (4096K)
 Metaspace       used 27198K, committed 28096K, reserved 1114112K
  class space    used 4050K, committed 4480K, reserved 1048576K
}
Event: 122.081 GC heap after
{Heap after GC invocations=11 (full 0):
 garbage-first heap   total reserved 8388608K, committed 73728K, used 29516K [0x0000000600000000, 0x0000000800000000)
  region size 4096K, 1 young (4096K), 1 survivors (4096K)
 Metaspace       used 27198K, committed 28096K, reserved 1114112K
  class space    used 4050K, committed 4480K, reserved 1048576K
}
Event: 137.497 GC heap before
{Heap before GC invocations=11 (full 0):
 garbage-first heap   total reserved 8388608K, committed 73728K, used 58188K [0x0000000600000000, 0x0000000800000000)
  region size 4096K, 8 young (32768K), 1 survivors (4096K)
 Metaspace       used 30332K, committed 31552K, reserved 1114112K
  class space    used 4594K, committed 5184K, reserved 1048576K
}
Event: 137.582 GC heap after
{Heap after GC invocations=12 (full 0):
 garbage-first heap   total reserved 8388608K, committed 73728K, used 31272K [0x0000000600000000, 0x0000000800000000)
  region size 4096K, 1 young (4096K), 1 survivors (4096K)
 Metaspace       used 30332K, committed 31552K, reserved 1114112K
  class space    used 4594K, committed 5184K, reserved 1048576K
}
Event: 162.020 GC heap before
{Heap before GC invocations=12 (full 0):
 garbage-first heap   total reserved 8388608K, committed 73728K, used 55848K [0x0000000600000000, 0x0000000800000000)
  region size 4096K, 8 young (32768K), 1 survivors (4096K)
 Metaspace       used 34903K, committed 36160K, reserved 1114112K
  class space    used 5206K, committed 5824K, reserved 1048576K
}
Event: 162.445 GC heap after
{Heap after GC invocations=13 (full 0):
 garbage-first heap   total reserved 8388608K, committed 73728K, used 33326K [0x0000000600000000, 0x0000000800000000)
  region size 4096K, 1 young (4096K), 1 survivors (4096K)
 Metaspace       used 34903K, committed 36160K, reserved 1114112K
  class space    used 5206K, committed 5824K, reserved 1048576K
}
Event: 164.569 GC heap before
{Heap before GC invocations=14 (full 0):
 garbage-first heap   total reserved 8388608K, committed 73728K, used 37422K [0x0000000600000000, 0x0000000800000000)
  region size 4096K, 2 young (8192K), 1 survivors (4096K)
 Metaspace       used 36020K, committed 37312K, reserved 1114112K
  class space    used 5320K, committed 5952K, reserved 1048576K
}
Event: 164.636 GC heap after
{Heap after GC invocations=15 (full 0):
 garbage-first heap   total reserved 8388608K, committed 73728K, used 34124K [0x0000000600000000, 0x0000000800000000)
  region size 4096K, 1 young (4096K), 1 survivors (4096K)
 Metaspace       used 36020K, committed 37312K, reserved 1114112K
  class space    used 5320K, committed 5952K, reserved 1048576K
}
Event: 165.889 GC heap before
{Heap before GC invocations=15 (full 0):
 garbage-first heap   total reserved 8388608K, committed 73728K, used 38220K [0x0000000600000000, 0x0000000800000000)
  region size 4096K, 2 young (8192K), 1 survivors (4096K)
 Metaspace       used 36752K, committed 38080K, reserved 1114112K
  class space    used 5435K, committed 6080K, reserved 1048576K
}
Event: 166.121 GC heap after
{Heap after GC invocations=16 (full 0):
 garbage-first heap   total reserved 8388608K, committed 73728K, used 34179K [0x0000000600000000, 0x0000000800000000)
  region size 4096K, 1 young (4096K), 1 survivors (4096K)
 Metaspace       used 36752K, committed 38080K, reserved 1114112K
  class space    used 5435K, committed 6080K, reserved 1048576K
}
Event: 169.420 GC heap before
{Heap before GC invocations=16 (full 0):
 garbage-first heap   total reserved 8388608K, committed 73728K, used 54659K [0x0000000600000000, 0x0000000800000000)
  region size 4096K, 6 young (24576K), 1 survivors (4096K)
 Metaspace       used 37748K, committed 39040K, reserved 1114112K
  class space    used 5513K, committed 6144K, reserved 1048576K
}
Event: 169.509 GC heap after
{Heap after GC invocations=17 (full 0):
 garbage-first heap   total reserved 8388608K, committed 73728K, used 36347K [0x0000000600000000, 0x0000000800000000)
  region size 4096K, 1 young (4096K), 1 survivors (4096K)
 Metaspace       used 37748K, committed 39040K, reserved 1114112K
  class space    used 5513K, committed 6144K, reserved 1048576K
}

Dll operation events (15 events):
Event: 1.046 Loaded shared library C:\Program Files\Java\jdk-22\bin\java.dll
Event: 2.111 Loaded shared library C:\Program Files\Java\jdk-22\bin\jsvml.dll
Event: 2.404 Loaded shared library C:\Program Files\Java\jdk-22\bin\zip.dll
Event: 2.421 Loaded shared library C:\Program Files\Java\jdk-22\bin\instrument.dll
Event: 2.439 Loaded shared library C:\Program Files\Java\jdk-22\bin\net.dll
Event: 2.464 Loaded shared library C:\Program Files\Java\jdk-22\bin\nio.dll
Event: 2.474 Loaded shared library C:\Program Files\Java\jdk-22\bin\zip.dll
Event: 5.221 Loaded shared library C:\Program Files\Java\jdk-22\bin\jimage.dll
Event: 6.936 Loaded shared library C:\Program Files\Java\jdk-22\bin\verify.dll
Event: 8.123 Loaded shared library C:\Users\user\.gradle\native\c067742578af261105cb4f569cf0c3c89f3d7b1fecec35dd04571415982c5e48\windows-amd64\native-platform.dll
Event: 8.270 Loaded shared library C:\Users\user\.gradle\native\100fb08df4bc3b14c8652ba06237920a3bd2aa13389f12d3474272988ae205f9\windows-amd64\native-platform-file-events.dll
Event: 19.306 Loaded shared library C:\Program Files\Java\jdk-22\bin\management.dll
Event: 19.340 Loaded shared library C:\Program Files\Java\jdk-22\bin\management_ext.dll
Event: 22.748 Loaded shared library C:\Program Files\Java\jdk-22\bin\extnet.dll
Event: 41.849 Loaded shared library C:\Program Files\Java\jdk-22\bin\sunmscapi.dll

Deoptimization events (20 events):
Event: 169.552 Thread 0x000001e5613d7e30 DEOPT PACKING pc=0x000001e5468b53a4 sp=0x000000ad715ff130
Event: 169.552 Thread 0x000001e5613d7e30 DEOPT UNPACKING pc=0x000001e546327da2 sp=0x000000ad715ff088 mode 2
Event: 170.229 Thread 0x000001e5aaad8a80 Uncommon trap: trap_request=0xffffffc6 fr.pc=0x000001e54689a200 relative=0x0000000000000320
Event: 170.229 Thread 0x000001e5aaad8a80 Uncommon trap: reason=bimorphic_or_optimized_type_check action=maybe_recompile pc=0x000001e54689a200 method=java.util.regex.Pattern$Slice.match(Ljava/util/regex/Matcher;ILjava/lang/CharSequence;)Z @ 75 c2
Event: 170.229 Thread 0x000001e5aaad8a80 DEOPT PACKING pc=0x000001e54689a200 sp=0x000000ad729f8ef0
Event: 170.230 Thread 0x000001e5aaad8a80 DEOPT UNPACKING pc=0x000001e546327da2 sp=0x000000ad729f8e70 mode 2
Event: 170.232 Thread 0x000001e5aaad8a80 Uncommon trap: trap_request=0xffffffc6 fr.pc=0x000001e54689a200 relative=0x0000000000000320
Event: 170.232 Thread 0x000001e5aaad8a80 Uncommon trap: reason=bimorphic_or_optimized_type_check action=maybe_recompile pc=0x000001e54689a200 method=java.util.regex.Pattern$Slice.match(Ljava/util/regex/Matcher;ILjava/lang/CharSequence;)Z @ 75 c2
Event: 170.232 Thread 0x000001e5aaad8a80 DEOPT PACKING pc=0x000001e54689a200 sp=0x000000ad729f8ef0
Event: 170.232 Thread 0x000001e5aaad8a80 DEOPT UNPACKING pc=0x000001e546327da2 sp=0x000000ad729f8e70 mode 2
Event: 172.478 Thread 0x000001e5aaad8a80 Uncommon trap: trap_request=0xffffffc6 fr.pc=0x000001e54689a200 relative=0x0000000000000320
Event: 172.480 Thread 0x000001e5aaad8a80 Uncommon trap: reason=bimorphic_or_optimized_type_check action=maybe_recompile pc=0x000001e54689a200 method=java.util.regex.Pattern$Slice.match(Ljava/util/regex/Matcher;ILjava/lang/CharSequence;)Z @ 75 c2
Event: 172.480 Thread 0x000001e5aaad8a80 DEOPT PACKING pc=0x000001e54689a200 sp=0x000000ad729f8d50
Event: 172.481 Thread 0x000001e5aaad8a80 DEOPT UNPACKING pc=0x000001e546327da2 sp=0x000000ad729f8cd0 mode 2
Event: 180.370 Thread 0x000001e5aaad8a80 Uncommon trap: trap_request=0xffffff3d fr.pc=0x000001e546939b68 relative=0x0000000000000068
Event: 180.372 Thread 0x000001e5aaad8a80 Uncommon trap: reason=unstable_fused_if action=reinterpret pc=0x000001e546939b68 method=java.lang.CharacterDataLatin1.equalsIgnoreCase(BB)Z @ 16 c2
Event: 180.373 Thread 0x000001e5aaad8a80 DEOPT PACKING pc=0x000001e546939b68 sp=0x000000ad729f9ca0
Event: 180.374 Thread 0x000001e5aaad8a80 DEOPT UNPACKING pc=0x000001e546327da2 sp=0x000000ad729f9c20 mode 2
Event: 183.149 Thread 0x000001e5aaad8a80 DEOPT PACKING pc=0x000001e536a41f1e sp=0x000000ad729f99b0
Event: 183.151 Thread 0x000001e5aaad8a80 DEOPT UNPACKING pc=0x000001e5463288e2 sp=0x000000ad729f8f30 mode 0

Classes loaded (20 events):
Event: 168.419 Loading class jdk/internal/jrtfs/JrtDirectoryStream
Event: 168.420 Loading class jdk/internal/jrtfs/JrtDirectoryStream done
Event: 168.425 Loading class jdk/internal/jrtfs/JrtDirectoryStream$1
Event: 168.425 Loading class jdk/internal/jrtfs/JrtDirectoryStream$1 done
Event: 168.429 Loading class java/util/function/BooleanSupplier
Event: 168.431 Loading class java/util/function/BooleanSupplier done
Event: 168.433 Loading class jdk/internal/jimage/ImageReader$Resource
Event: 168.435 Loading class jdk/internal/jimage/ImageReader$Resource done
Event: 169.692 Loading class java/util/WeakHashMap$KeyIterator
Event: 169.737 Loading class java/util/WeakHashMap$HashIterator
Event: 169.739 Loading class java/util/WeakHashMap$HashIterator done
Event: 169.739 Loading class java/util/WeakHashMap$KeyIterator done
Event: 172.579 Loading class com/sun/beans/finder/MethodFinder
Event: 172.716 Loading class com/sun/beans/finder/AbstractFinder
Event: 172.808 Loading class com/sun/beans/finder/AbstractFinder done
Event: 172.808 Loading class com/sun/beans/finder/MethodFinder done
Event: 172.808 Loading class com/sun/beans/finder/MethodFinder$1
Event: 172.811 Loading class com/sun/beans/finder/MethodFinder$1 done
Event: 172.813 Loading class com/sun/beans/finder/FinderUtils
Event: 172.814 Loading class com/sun/beans/finder/FinderUtils done

Classes unloaded (0 events):
No events

Classes redefined (0 events):
No events

Internal exceptions (20 events):
Event: 170.227 Thread 0x000001e5aaad8a80 Exception <a 'java/lang/ClassNotFoundException'{0x00000006043165c8}: org/gradle/groovy/scripts/DefaultScriptCustomizer> (0x00000006043165c8) 
thrown [s\open\src\hotspot\share\classfile\systemDictionary.cpp, line 313]
Event: 170.251 Thread 0x000001e5aaad8a80 Exception <a 'java/lang/ClassNotFoundException'{0x000000060433cc20}: org/gradle/initialization/InitScriptCustomizer> (0x000000060433cc20) 
thrown [s\open\src\hotspot\share\classfile\systemDictionary.cpp, line 313]
Event: 170.280 Thread 0x000001e5aaad8a80 Exception <a 'java/lang/ClassNotFoundException'{0x000000060434b9f8}: init_vu2xhykqbfapxf4oc5ev90fnCustomizer> (0x000000060434b9f8) 
thrown [s\open\src\hotspot\share\classfile\systemDictionary.cpp, line 313]
Event: 171.330 Thread 0x000001e5aaad8a80 Exception <a 'java/lang/ClassNotFoundException'{0x0000000603c1f6d0}: org/gradle/internal/extensibility/DefaultExtraPropertiesExtensionBeanInfo> (0x0000000603c1f6d0) 
thrown [s\open\src\hotspot\share\classfile\systemDictionary.cpp, line 313]
Event: 171.334 Thread 0x000001e5aaad8a80 Exception <a 'java/lang/ClassNotFoundException'{0x0000000603c27bb8}: org/gradle/internal/extensibility/DefaultExtraPropertiesExtensionCustomizer> (0x0000000603c27bb8) 
thrown [s\open\src\hotspot\share\classfile\systemDictionary.cpp, line 313]
Event: 172.410 Thread 0x000001e5aaad8a80 Exception <a 'java/lang/ClassNotFoundException'{0x0000000603cbcab8}: groovy/lang/Closure$1BeanInfo> (0x0000000603cbcab8) 
thrown [s\open\src\hotspot\share\classfile\systemDictionary.cpp, line 313]
Event: 172.416 Thread 0x000001e5aaad8a80 Exception <a 'java/lang/ClassNotFoundException'{0x0000000603cceb40}: groovy/lang/ClosureBeanInfo> (0x0000000603cceb40) 
thrown [s\open\src\hotspot\share\classfile\systemDictionary.cpp, line 313]
Event: 172.419 Thread 0x000001e5aaad8a80 Exception <a 'java/lang/ClassNotFoundException'{0x0000000603cdc140}: groovy/lang/ClosureCustomizer> (0x0000000603cdc140) 
thrown [s\open\src\hotspot\share\classfile\systemDictionary.cpp, line 313]
Event: 172.578 Thread 0x000001e5aaad8a80 Exception <a 'java/lang/ClassNotFoundException'{0x0000000603d0cb80}: groovy/lang/Closure$1Customizer> (0x0000000603d0cb80) 
thrown [s\open\src\hotspot\share\classfile\systemDictionary.cpp, line 313]
Event: 175.632 Thread 0x000001e5aaad8a80 Exception <a 'java/lang/NoSuchMethodError'{0x0000000603faf938}: 'void java.lang.invoke.Invokers$Holder.invoke_MT(java.lang.Object, java.lang.Object, java.lang.Object, java.lang.Object)'> (0x0000000603faf938) 
thrown [s\open\src\hotspot\share\interpreter\linkResolver.cpp, line 774]
Event: 176.694 Thread 0x000001e5aaad8a80 Exception <a 'java/lang/ClassNotFoundException'{0x0000000603b325c8}: org/gradle/invocation/DefaultGradle_DecoratedBeanInfo> (0x0000000603b325c8) 
thrown [s\open\src\hotspot\share\classfile\systemDictionary.cpp, line 313]
Event: 176.729 Thread 0x000001e5aaad8a80 Exception <a 'java/lang/ClassNotFoundException'{0x0000000603b41518}: org/gradle/invocation/DefaultGradleBeanInfo> (0x0000000603b41518) 
thrown [s\open\src\hotspot\share\classfile\systemDictionary.cpp, line 313]
Event: 176.733 Thread 0x000001e5aaad8a80 Exception <a 'java/lang/ClassNotFoundException'{0x0000000603b506a0}: org/gradle/api/internal/project/AbstractPluginAwareBeanInfo> (0x0000000603b506a0) 
thrown [s\open\src\hotspot\share\classfile\systemDictionary.cpp, line 313]
Event: 176.738 Thread 0x000001e5aaad8a80 Exception <a 'java/lang/ClassNotFoundException'{0x0000000603b5f8c8}: org/gradle/api/internal/project/AbstractPluginAwareCustomizer> (0x0000000603b5f8c8) 
thrown [s\open\src\hotspot\share\classfile\systemDictionary.cpp, line 313]
Event: 176.791 Thread 0x000001e5aaad8a80 Exception <a 'java/lang/ClassNotFoundException'{0x0000000603b75050}: org/gradle/invocation/DefaultGradleCustomizer> (0x0000000603b75050) 
thrown [s\open\src\hotspot\share\classfile\systemDictionary.cpp, line 313]
Event: 176.805 Thread 0x000001e5aaad8a80 Exception <a 'java/lang/ClassNotFoundException'{0x0000000603bba7e8}: org/gradle/invocation/DefaultGradle_DecoratedCustomizer> (0x0000000603bba7e8) 
thrown [s\open\src\hotspot\share\classfile\systemDictionary.cpp, line 313]
Event: 181.709 Thread 0x000001e5aaad8a80 Exception <a 'java/lang/ClassNotFoundException'{0x00000006036b0bf8}: init_17t6rpv3vm2ereai789hm9ygBeanInfo> (0x00000006036b0bf8) 
thrown [s\open\src\hotspot\share\classfile\systemDictionary.cpp, line 313]
Event: 181.719 Thread 0x000001e5aaad8a80 Exception <a 'java/lang/ClassNotFoundException'{0x00000006036b7500}: init_17t6rpv3vm2ereai789hm9ygCustomizer> (0x00000006036b7500) 
thrown [s\open\src\hotspot\share\classfile\systemDictionary.cpp, line 313]
Event: 183.550 Thread 0x000001e5aaad8a80 Exception <a 'java/lang/ClassNotFoundException'{0x000000060379df98}: eclipsePlugin_ao0omjwj30blgujolrhirmxrnBeanInfo> (0x000000060379df98) 
thrown [s\open\src\hotspot\share\classfile\systemDictionary.cpp, line 313]
Event: 183.555 Thread 0x000001e5aaad8a80 Exception <a 'java/lang/ClassNotFoundException'{0x00000006037a4980}: eclipsePlugin_ao0omjwj30blgujolrhirmxrnCustomizer> (0x00000006037a4980) 
thrown [s\open\src\hotspot\share\classfile\systemDictionary.cpp, line 313]

ZGC Phase Switch (0 events):
No events

VM Operations (20 events):
Event: 175.759 Executing VM operation: Cleanup done
Event: 176.766 Executing VM operation: Cleanup
Event: 176.767 Executing VM operation: Cleanup done
Event: 177.777 Executing VM operation: Cleanup
Event: 177.793 Executing VM operation: Cleanup done
Event: 178.795 Executing VM operation: Cleanup
Event: 178.858 Executing VM operation: Cleanup done
Event: 179.868 Executing VM operation: Cleanup
Event: 179.868 Executing VM operation: Cleanup done
Event: 180.883 Executing VM operation: Cleanup
Event: 180.898 Executing VM operation: Cleanup done
Event: 181.289 Executing VM operation: HandshakeAllThreads (HandshakeForDeflation)
Event: 181.301 Executing VM operation: HandshakeAllThreads (HandshakeForDeflation) done
Event: 181.301 Executing VM operation: RendezvousGCThreads
Event: 181.301 Executing VM operation: RendezvousGCThreads done
Event: 182.322 Executing VM operation: Cleanup
Event: 182.337 Executing VM operation: Cleanup done
Event: 183.349 Executing VM operation: Cleanup
Event: 183.459 Executing VM operation: Cleanup done
Event: 184.473 Executing VM operation: Cleanup

Memory protections (0 events):
No events

Nmethod flushes (20 events):
Event: 162.919 Thread 0x000001e5613b6650 flushing  nmethod 0x000001e53671f110
Event: 162.919 Thread 0x000001e5613b6650 flushing  nmethod 0x000001e536722e10
Event: 162.919 Thread 0x000001e5613b6650 flushing  nmethod 0x000001e536730290
Event: 162.920 Thread 0x000001e5613b6650 flushing  nmethod 0x000001e536732990
Event: 162.920 Thread 0x000001e5613b6650 flushing  nmethod 0x000001e536735210
Event: 162.920 Thread 0x000001e5613b6650 flushing  nmethod 0x000001e536735f10
Event: 162.920 Thread 0x000001e5613b6650 flushing  nmethod 0x000001e536737190
Event: 162.920 Thread 0x000001e5613b6650 flushing  nmethod 0x000001e53676ed10
Event: 162.920 Thread 0x000001e5613b6650 flushing  nmethod 0x000001e536770d90
Event: 162.920 Thread 0x000001e5613b6650 flushing  nmethod 0x000001e536772c90
Event: 162.920 Thread 0x000001e5613b6650 flushing  nmethod 0x000001e5367d3510
Event: 162.920 Thread 0x000001e5613b6650 flushing  nmethod 0x000001e5367d5210
Event: 162.920 Thread 0x000001e5613b6650 flushing  nmethod 0x000001e5367d5810
Event: 162.920 Thread 0x000001e5613b6650 flushing  nmethod 0x000001e5367d5d10
Event: 162.920 Thread 0x000001e5613b6650 flushing  nmethod 0x000001e5367d6090
Event: 162.920 Thread 0x000001e5613b6650 flushing  nmethod 0x000001e5367d6e90
Event: 162.920 Thread 0x000001e5613b6650 flushing  nmethod 0x000001e53698b010
Event: 162.920 Thread 0x000001e5613b6650 flushing  nmethod 0x000001e5369dd110
Event: 162.920 Thread 0x000001e5613b6650 flushing  nmethod 0x000001e536af6290
Event: 162.920 Thread 0x000001e5613b6650 flushing  nmethod 0x000001e536af7c90

Events (20 events):
Event: 69.132 Thread 0x000001e5aaad8a80 Thread added: 0x000001e5aaad9e30
Event: 76.140 Thread 0x000001e5aaad8a80 Thread added: 0x000001e5aaad76d0
Event: 76.458 Thread 0x000001e5aaad8a80 Thread added: 0x000001e5aaada4c0
Event: 82.917 Thread 0x000001e5aaad8a80 Thread added: 0x000001e5aaadab50
Event: 103.148 Thread 0x000001e5aaad8a80 Thread added: 0x000001e5aaad9110
Event: 103.494 Thread 0x000001e5aaad8a80 Thread added: 0x000001e5acb6df80
Event: 105.842 Thread 0x000001e5aaad8a80 Thread added: 0x000001e5acb6e610
Event: 105.894 Thread 0x000001e5aaad8a80 Thread added: 0x000001e5acb6c540
Event: 107.866 Thread 0x000001e5aaad8a80 Thread added: 0x000001e5acb6f330
Event: 107.867 Thread 0x000001e5aaad8a80 Thread added: 0x000001e5acb6cbd0
Event: 107.867 Thread 0x000001e5aaad8a80 Thread added: 0x000001e5acb6beb0
Event: 127.193 Thread 0x000001e5aaad8a80 Thread added: 0x000001e5acb6eca0
Event: 129.612 Thread 0x000001e5aaad8a80 Thread added: 0x000001e5acb6d8f0
Event: 133.554 Thread 0x000001e5aaad8a80 Thread added: 0x000001e5abd542e0
Event: 136.270 Thread 0x000001e5aaad8a80 Thread added: 0x000001e5abd54970
Event: 141.820 Thread 0x000001e5aaad8a80 Thread added: 0x000001e5abd53c50
Event: 144.678 Thread 0x000001e5aaad8a80 Thread added: 0x000001e5abd55000
Event: 180.495 Thread 0x000001e5aaad8a80 Thread added: 0x000001e5abd563b0
Event: 180.921 Thread 0x000001e5aaad8a80 Thread added: 0x000001e5abd52f30
Event: 183.334 Thread 0x000001e5aaad8a80 Thread added: 0x000001e5abd56a40


Dynamic libraries:
0x00007ff6b7030000 - 0x00007ff6b7040000 	C:\Program Files\Java\jdk-22\bin\java.exe
0x00007ffa8b960000 - 0x00007ffa8bbc6000 	C:\WINDOWS\SYSTEM32\ntdll.dll
0x00007ffa8a4b0000 - 0x00007ffa8a579000 	C:\WINDOWS\System32\KERNEL32.DLL
0x00007ffa88c20000 - 0x00007ffa88fec000 	C:\WINDOWS\System32\KERNELBASE.dll
0x00007ffa89260000 - 0x00007ffa893ab000 	C:\WINDOWS\System32\ucrtbase.dll
0x00007ffa80590000 - 0x00007ffa805ab000 	C:\Program Files\Java\jdk-22\bin\VCRUNTIME140.dll
0x00007ffa49b90000 - 0x00007ffa49ba7000 	C:\Program Files\Java\jdk-22\bin\jli.dll
0x00007ffa8a7b0000 - 0x00007ffa8a97a000 	C:\WINDOWS\System32\USER32.dll
0x00007ffa89230000 - 0x00007ffa89257000 	C:\WINDOWS\System32\win32u.dll
0x00007ffa8b200000 - 0x00007ffa8b22b000 	C:\WINDOWS\System32\GDI32.dll
0x00007ffa69ef0000 - 0x00007ffa6a18a000 	C:\WINDOWS\WinSxS\amd64_microsoft.windows.common-controls_6595b64144ccf1df_6.0.26100.3912_none_3e07963ce335137e\COMCTL32.dll
0x00007ffa895e0000 - 0x00007ffa89712000 	C:\WINDOWS\System32\gdi32full.dll
0x00007ffa89530000 - 0x00007ffa895d3000 	C:\WINDOWS\System32\msvcp_win.dll
0x00007ffa89730000 - 0x00007ffa897d9000 	C:\WINDOWS\System32\msvcrt.dll
0x00007ffa89cd0000 - 0x00007ffa89d00000 	C:\WINDOWS\System32\IMM32.DLL
0x00007ffa85220000 - 0x00007ffa8522c000 	C:\Program Files\Java\jdk-22\bin\vcruntime140_1.dll
0x00007ffa40a70000 - 0x00007ffa40afe000 	C:\Program Files\Java\jdk-22\bin\msvcp140.dll
0x00007ff9fb430000 - 0x00007ff9fc179000 	C:\Program Files\Java\jdk-22\bin\server\jvm.dll
0x00007ffa8b590000 - 0x00007ffa8b642000 	C:\WINDOWS\System32\ADVAPI32.dll
0x00007ffa8b6e0000 - 0x00007ffa8b786000 	C:\WINDOWS\System32\sechost.dll
0x00007ffa8a290000 - 0x00007ffa8a3a6000 	C:\WINDOWS\System32\RPCRT4.dll
0x00007ffa8a730000 - 0x00007ffa8a7a4000 	C:\WINDOWS\System32\WS2_32.dll
0x00007ffa88940000 - 0x00007ffa8899e000 	C:\WINDOWS\SYSTEM32\POWRPROF.dll
0x00007ffa7c880000 - 0x00007ffa7c88b000 	C:\WINDOWS\SYSTEM32\VERSION.dll
0x00007ffa7cb60000 - 0x00007ffa7cb96000 	C:\WINDOWS\SYSTEM32\WINMM.dll
0x00007ffa88920000 - 0x00007ffa88934000 	C:\WINDOWS\SYSTEM32\UMPDC.dll
0x00007ffa878b0000 - 0x00007ffa878ca000 	C:\WINDOWS\SYSTEM32\kernel.appcore.dll
0x00007ffa80090000 - 0x00007ffa8009a000 	C:\Program Files\Java\jdk-22\bin\jimage.dll
0x00007ffa86270000 - 0x00007ffa864b1000 	C:\WINDOWS\SYSTEM32\DBGHELP.DLL
0x00007ffa89e80000 - 0x00007ffa8a204000 	C:\WINDOWS\System32\combase.dll
0x00007ffa8b7b0000 - 0x00007ffa8b890000 	C:\WINDOWS\System32\OLEAUT32.dll
0x00007ffa66560000 - 0x00007ffa66599000 	C:\WINDOWS\SYSTEM32\dbgcore.DLL
0x00007ffa88af0000 - 0x00007ffa88b89000 	C:\WINDOWS\System32\bcryptPrimitives.dll
0x00007ffa5e050000 - 0x00007ffa5e05f000 	C:\Program Files\Java\jdk-22\bin\instrument.dll
0x00007ffa690f0000 - 0x00007ffa6910e000 	C:\Program Files\Java\jdk-22\bin\java.dll
0x00007ffa8a9b0000 - 0x00007ffa8b0dd000 	C:\WINDOWS\System32\SHELL32.dll
0x00007ffa890b0000 - 0x00007ffa89224000 	C:\WINDOWS\System32\wintypes.dll
0x00007ffa8a580000 - 0x00007ffa8a71f000 	C:\WINDOWS\System32\ole32.dll
0x00007ffa86740000 - 0x00007ffa86f96000 	C:\WINDOWS\SYSTEM32\windows.storage.dll
0x00007ffa89d70000 - 0x00007ffa89e5f000 	C:\WINDOWS\System32\SHCORE.dll
0x00007ffa8b190000 - 0x00007ffa8b1f9000 	C:\WINDOWS\System32\shlwapi.dll
0x00007ffa88a00000 - 0x00007ffa88a2f000 	C:\WINDOWS\SYSTEM32\profapi.dll
0x00007ffa41660000 - 0x00007ffa41737000 	C:\Program Files\Java\jdk-22\bin\jsvml.dll
0x00007ffa67ad0000 - 0x00007ffa67ae7000 	C:\Program Files\Java\jdk-22\bin\zip.dll
0x00007ffa7cbb0000 - 0x00007ffa7cbc0000 	C:\Program Files\Java\jdk-22\bin\net.dll
0x00007ffa87e20000 - 0x00007ffa87e8a000 	C:\WINDOWS\system32\mswsock.dll
0x00007ffa67cf0000 - 0x00007ffa67d06000 	C:\Program Files\Java\jdk-22\bin\nio.dll
0x00007ffa77730000 - 0x00007ffa77740000 	C:\Program Files\Java\jdk-22\bin\verify.dll
0x00007ffa49c30000 - 0x00007ffa49c57000 	C:\Users\user\.gradle\native\c067742578af261105cb4f569cf0c3c89f3d7b1fecec35dd04571415982c5e48\windows-amd64\native-platform.dll
0x00007ffa3c0a0000 - 0x00007ffa3c1e4000 	C:\Users\user\.gradle\native\100fb08df4bc3b14c8652ba06237920a3bd2aa13389f12d3474272988ae205f9\windows-amd64\native-platform-file-events.dll
0x00007ffa7cbd0000 - 0x00007ffa7cbda000 	C:\Program Files\Java\jdk-22\bin\management.dll
0x00007ffa518d0000 - 0x00007ffa518db000 	C:\Program Files\Java\jdk-22\bin\management_ext.dll
0x00007ffa8b580000 - 0x00007ffa8b588000 	C:\WINDOWS\System32\PSAPI.DLL
0x00007ffa880c0000 - 0x00007ffa880dc000 	C:\WINDOWS\SYSTEM32\CRYPTSP.dll
0x00007ffa87810000 - 0x00007ffa8784a000 	C:\WINDOWS\system32\rsaenh.dll
0x00007ffa87ec0000 - 0x00007ffa87eeb000 	C:\WINDOWS\SYSTEM32\USERENV.dll
0x00007ffa889d0000 - 0x00007ffa889f6000 	C:\WINDOWS\SYSTEM32\bcrypt.dll
0x00007ffa880e0000 - 0x00007ffa880ec000 	C:\WINDOWS\SYSTEM32\CRYPTBASE.dll
0x00007ffa87320000 - 0x00007ffa87353000 	C:\WINDOWS\SYSTEM32\IPHLPAPI.DLL
0x00007ffa89d10000 - 0x00007ffa89d1a000 	C:\WINDOWS\System32\NSI.dll
0x00007ffa6b4a0000 - 0x00007ffa6b4a9000 	C:\Program Files\Java\jdk-22\bin\extnet.dll
0x00007ffa4d420000 - 0x00007ffa4d42e000 	C:\Program Files\Java\jdk-22\bin\sunmscapi.dll
0x00007ffa893b0000 - 0x00007ffa89527000 	C:\WINDOWS\System32\CRYPT32.dll
0x00007ffa882d0000 - 0x00007ffa88300000 	C:\WINDOWS\SYSTEM32\ncrypt.dll
0x00007ffa88280000 - 0x00007ffa882bf000 	C:\WINDOWS\SYSTEM32\NTASN1.dll
0x00007ffa777d0000 - 0x00007ffa777d8000 	C:\WINDOWS\system32\wshunix.dll

dbghelp: loaded successfully - version: 4.0.5 - missing functions: none
symbol engine: initialized successfully - sym options: 0x614 - pdb path: .;C:\Program Files\Java\jdk-22\bin;C:\WINDOWS\SYSTEM32;C:\WINDOWS\WinSxS\amd64_microsoft.windows.common-controls_6595b64144ccf1df_6.0.26100.3912_none_3e07963ce335137e;C:\Program Files\Java\jdk-22\bin\server;C:\Users\user\.gradle\native\c067742578af261105cb4f569cf0c3c89f3d7b1fecec35dd04571415982c5e48\windows-amd64;C:\Users\user\.gradle\native\100fb08df4bc3b14c8652ba06237920a3bd2aa13389f12d3474272988ae205f9\windows-amd64

VM Arguments:
jvm_args: -XX:MaxMetaspaceSize=4G -XX:ReservedCodeCacheSize=512m -XX:+HeapDumpOnOutOfMemoryError --add-opens=java.base/java.util=ALL-UNNAMED --add-opens=java.base/java.lang=ALL-UNNAMED --add-opens=java.base/java.lang.invoke=ALL-UNNAMED --add-opens=java.prefs/java.util.prefs=ALL-UNNAMED --add-exports=jdk.compiler/com.sun.tools.javac.api=ALL-UNNAMED --add-exports=jdk.compiler/com.sun.tools.javac.util=ALL-UNNAMED --add-opens=java.base/java.nio.charset=ALL-UNNAMED --add-opens=java.base/java.net=ALL-UNNAMED --add-opens=java.base/java.util.concurrent.atomic=ALL-UNNAMED -Xmx8G -Dfile.encoding=utf8 -Duser.country=IN -Duser.language=en -Duser.variant -javaagent:C:\Users\user\.gradle\wrapper\dists\gradle-8.10.2-all\7iv73wktx1xtkvlq19urqw1wm\gradle-8.10.2\lib\agents\gradle-instrumentation-agent-8.10.2.jar 
java_command: org.gradle.launcher.daemon.bootstrap.GradleDaemon 8.10.2
java_class_path (initial): C:\Users\user\.gradle\wrapper\dists\gradle-8.10.2-all\7iv73wktx1xtkvlq19urqw1wm\gradle-8.10.2\lib\gradle-daemon-main-8.10.2.jar
Launcher Type: SUN_STANDARD

[Global flags]
     intx CICompilerCount                          = 4                                         {product} {ergonomic}
     uint ConcGCThreads                            = 2                                         {product} {ergonomic}
     uint G1ConcRefinementThreads                  = 8                                         {product} {ergonomic}
   size_t G1HeapRegionSize                         = 4194304                                   {product} {ergonomic}
     bool HeapDumpOnOutOfMemoryError               = true                                   {manageable} {command line}
   size_t InitialHeapSize                          = 62914560                                  {product} {ergonomic}
   size_t MarkStackSize                            = 4194304                                   {product} {ergonomic}
   size_t MaxHeapSize                              = 8589934592                                {product} {command line}
   size_t MaxMetaspaceSize                         = 4294967296                                {product} {command line}
   size_t MaxNewSize                               = 5150605312                                {product} {ergonomic}
   size_t MinHeapDeltaBytes                        = 4194304                                   {product} {ergonomic}
   size_t MinHeapSize                              = 8388608                                   {product} {ergonomic}
    uintx NonNMethodCodeHeapSize                   = 5839372                                {pd product} {ergonomic}
    uintx NonProfiledCodeHeapSize                  = 265515770                              {pd product} {ergonomic}
    uintx ProfiledCodeHeapSize                     = 265515770                              {pd product} {ergonomic}
    uintx ReservedCodeCacheSize                    = 536870912                              {pd product} {command line}
     bool SegmentedCodeCache                       = true                                      {product} {ergonomic}
   size_t SoftMaxHeapSize                          = 8589934592                             {manageable} {ergonomic}
     bool UseCompressedOops                        = true                           {product lp64_product} {ergonomic}
     bool UseG1GC                                  = true                                      {product} {ergonomic}
     bool UseLargePagesIndividualAllocation        = false                                  {pd product} {ergonomic}

Logging:
Log output configuration:
 #0: stdout all=warning uptime,level,tags foldmultilines=false
 #1: stderr all=off uptime,level,tags foldmultilines=false

Environment Variables:
PATH=C:\Program Files\Common Files\Oracle\Java\javapath;C:\WINDOWS\system32;C:\WINDOWS;C:\WINDOWS\System32\Wbem;C:\WINDOWS\System32\WindowsPowerShell\v1.0\;C:\WINDOWS\System32\OpenSSH\;C:\Program Files\Git\cmd;C:\Program Files\nodejs\;c:\Users\user\AppData\Local\Programs\cursor\resources\app\bin;C:\Program Files\PuTTY\;C:\Users\user\AppData\Local\Microsoft\WindowsApps;C:\Users\user\AppData\Local\Programs\Microsoft VS Code\bin;C:\Users\user\mongosh-2.3.9-win32-x64\bin;C:\Users\user\AppData\Roaming\npm;C:\Users\user\AppData\Local\Programs\cursor\resources\app\bin;C:\Users\user\AppData\Local\Programs\mongosh\;C:\Users\user\Downloads\flutter_windows_3.29.3-stable\flutter\bin;
USERNAME=user
OS=Windows_NT
PROCESSOR_IDENTIFIER=Intel64 Family 6 Model 140 Stepping 2, GenuineIntel
TMP=C:\Users\user\AppData\Local\Temp
TEMP=C:\Users\user\AppData\Local\Temp




Periodic native trim disabled

---------------  S Y S T E M  ---------------

OS:
 Windows 11 , 64 bit Build 26100 (10.0.26100.3912)
OS uptime: 1 days 7:26 hours
Hyper-V role detected

CPU: total 8 (initial active 8) (4 cores per cpu, 2 threads per core) family 6 model 140 stepping 2 microcode 0x34, cx8, cmov, fxsr, ht, mmx, 3dnowpref, sse, sse2, sse3, ssse3, sse4.1, sse4.2, popcnt, lzcnt, tsc, tscinvbit, avx, avx2, aes, erms, clmul, bmi1, bmi2, adx, avx512f, avx512dq, avx512cd, avx512bw, avx512vl, sha, fma, vzeroupper, avx512_vpopcntdq, avx512_vpclmulqdq, avx512_vaes, avx512_vnni, clflush, clflushopt, clwb, avx512_vbmi2, avx512_vbmi, hv, rdtscp, rdpid, fsrm, gfni, avx512_bitalg, f16c, cet_ibt, cet_ss, avx512_ifma
Processor Information for all 8 processors :
  Max Mhz: 2496, Current Mhz: 2496, Mhz Limit: 2496

Memory: 4k page, system-wide physical 3738M (12M free)
TotalPageFile size 15002M (AvailPageFile size 1M)
current process WorkingSet (physical memory assigned to process): 67M, peak: 96M
current process commit charge ("private bytes"): 247M, peak: 258M

vm_info: Java HotSpot(TM) 64-Bit Server VM (22.0.2+9-70) for windows-amd64 JRE (22.0.2+9-70), built on 2024-06-04T16:52:23Z by "mach5one" with MS VC++ 17.6 (VS2022)

END.
